This file contains any messages produced by compilers while
running configure, to aid debugging if configure makes a mistake.

It was created by Gource configure 0.43, which was
generated by GNU Autoconf 2.69.  Invocation command line was

  $ /Users/antoinemagny/Downloads/gource-0.43/configure 

## --------- ##
## Platform. ##
## --------- ##

hostname = Antoines-MacBook-Pro.local
uname -m = x86_64
uname -r = 14.3.0
uname -s = Darwin
uname -v = Darwin Kernel Version 14.3.0: Mon Mar 23 11:59:05 PDT 2015; root:xnu-2782.20.48~5/RELEASE_X86_64

/usr/bin/uname -p = i386
/bin/uname -X     = unknown

/bin/arch              = unknown
/usr/bin/arch -k       = unknown
/usr/convex/getsysinfo = unknown
/usr/bin/hostinfo      = Mach kernel version:
	 Darwin Kernel Version 14.3.0: Mon Mar 23 11:59:05 PDT 2015; root:xnu-2782.20.48~5/RELEASE_X86_64
Kernel configured for up to 8 processors.
4 processors are physically available.
8 processors are logically available.
Processor type: x86_64h (Intel x86-64h Haswell)
Processors active: 0 1 2 3 4 5 6 7
Primary memory available: 8.00 gigabytes
Default processor set: 274 tasks, 1765 threads, 8 processors
Load average: 3.40, Mach factor: 4.59
/bin/machine           = unknown
/usr/bin/oslevel       = unknown
/bin/universe          = unknown

PATH: ./bin
PATH: /Users/antoinemagny/.rbenv/shims
PATH: /Users/antoinemagny/.rbenv/bin
PATH: /usr/local/bin
PATH: /usr/local/share
PATH: /usr/bin
PATH: /bin
PATH: /usr/sbin
PATH: /sbin
PATH: /usr/local/bin
PATH: /usr/local/sbin
PATH: /usr/local/share/npm/bin
PATH: /usr/X11/bin
PATH: /usr/texbin
PATH: ~/bin


## ----------- ##
## Core tests. ##
## ----------- ##

configure:2554: checking for a BSD-compatible install
configure:2622: result: /usr/bin/install -c
configure:2633: checking whether build environment is sane
configure:2688: result: yes
configure:2839: checking for a thread-safe mkdir -p
configure:2878: result: /Users/antoinemagny/Downloads/gource-0.43/build-aux/install-sh -c -d
configure:2885: checking for gawk
configure:2915: result: no
configure:2885: checking for mawk
configure:2915: result: no
configure:2885: checking for nawk
configure:2915: result: no
configure:2885: checking for awk
configure:2901: found /usr/bin/awk
configure:2912: result: awk
configure:2923: checking whether make sets $(MAKE)
configure:2945: result: yes
configure:2974: checking whether make supports nested variables
configure:2991: result: yes
configure:3122: checking build system type
configure:3136: result: x86_64-apple-darwin14.3.0
configure:3156: checking host system type
configure:3169: result: x86_64-apple-darwin14.3.0
configure:3249: checking for g++
configure:3265: found /usr/bin/g++
configure:3276: result: g++
configure:3303: checking for C++ compiler version
configure:3312: g++ --version >&5
Apple LLVM version 6.1.0 (clang-602.0.53) (based on LLVM 3.6.0svn)
Target: x86_64-apple-darwin14.3.0
Thread model: posix
Configured with: --prefix=/Applications/Xcode.app/Contents/Developer/usr --with-gxx-include-dir=/usr/include/c++/4.2.1
configure:3323: $? = 0
configure:3312: g++ -v >&5
Configured with: --prefix=/Applications/Xcode.app/Contents/Developer/usr --with-gxx-include-dir=/usr/include/c++/4.2.1
Apple LLVM version 6.1.0 (clang-602.0.53) (based on LLVM 3.6.0svn)
Target: x86_64-apple-darwin14.3.0
Thread model: posix
configure:3323: $? = 0
configure:3312: g++ -V >&5
clang: error: argument to '-V' is missing (expected 1 value)
clang: error: no input files
configure:3323: $? = 1
configure:3312: g++ -qversion >&5
clang: error: unknown argument: '-qversion'
clang: error: no input files
configure:3323: $? = 1
configure:3343: checking whether the C++ compiler works
configure:3365: g++    conftest.cpp  >&5
configure:3369: $? = 0
configure:3417: result: yes
configure:3420: checking for C++ compiler default output file name
configure:3422: result: a.out
configure:3428: checking for suffix of executables
configure:3435: g++ -o conftest    conftest.cpp  >&5
configure:3439: $? = 0
configure:3461: result: 
configure:3483: checking whether we are cross compiling
configure:3491: g++ -o conftest    conftest.cpp  >&5
configure:3495: $? = 0
configure:3502: ./conftest
configure:3506: $? = 0
configure:3521: result: no
configure:3526: checking for suffix of object files
configure:3548: g++ -c   conftest.cpp >&5
configure:3552: $? = 0
configure:3573: result: o
configure:3577: checking whether we are using the GNU C++ compiler
configure:3596: g++ -c   conftest.cpp >&5
configure:3596: $? = 0
configure:3605: result: yes
configure:3614: checking whether g++ accepts -g
configure:3634: g++ -c -g  conftest.cpp >&5
configure:3634: $? = 0
configure:3675: result: yes
configure:3709: checking for style of include used by make
configure:3737: result: GNU
configure:3763: checking dependency style of g++
configure:3874: result: gcc3
configure:3900: checking for timegm
configure:3900: g++ -o conftest -g -O2   conftest.cpp  >&5
configure:3900: $? = 0
configure:3900: result: yes
configure:3900: checking for unsetenv
configure:3900: g++ -o conftest -g -O2   conftest.cpp  >&5
configure:3900: $? = 0
configure:3900: result: yes
configure:3928: checking how to run the C++ preprocessor
configure:3955: g++ -E  conftest.cpp
configure:3955: $? = 0
configure:3969: g++ -E  conftest.cpp
conftest.cpp:13:10: fatal error: 'ac_nonexistent.h' file not found
#include <ac_nonexistent.h>
         ^
1 error generated.
configure:3969: $? = 1
configure: failed program was:
| /* confdefs.h */
| #define PACKAGE_NAME "Gource"
| #define PACKAGE_TARNAME "gource"
| #define PACKAGE_VERSION "0.43"
| #define PACKAGE_STRING "Gource 0.43"
| #define PACKAGE_BUGREPORT "acaudwell@gmail.com"
| #define PACKAGE_URL ""
| #define PACKAGE "gource"
| #define VERSION "0.43"
| #define HAVE_TIMEGM 1
| #define HAVE_UNSETENV 1
| /* end confdefs.h.  */
| #include <ac_nonexistent.h>
configure:3994: result: g++ -E
configure:4014: g++ -E  conftest.cpp
configure:4014: $? = 0
configure:4028: g++ -E  conftest.cpp
conftest.cpp:13:10: fatal error: 'ac_nonexistent.h' file not found
#include <ac_nonexistent.h>
         ^
1 error generated.
configure:4028: $? = 1
configure: failed program was:
| /* confdefs.h */
| #define PACKAGE_NAME "Gource"
| #define PACKAGE_TARNAME "gource"
| #define PACKAGE_VERSION "0.43"
| #define PACKAGE_STRING "Gource 0.43"
| #define PACKAGE_BUGREPORT "acaudwell@gmail.com"
| #define PACKAGE_URL ""
| #define PACKAGE "gource"
| #define VERSION "0.43"
| #define HAVE_TIMEGM 1
| #define HAVE_UNSETENV 1
| /* end confdefs.h.  */
| #include <ac_nonexistent.h>
configure:4057: checking for X
configure:4235: result: disabled
configure:4250: checking for a sed that does not truncate output
configure:4314: result: /usr/bin/sed
configure:4367: checking for gcc
configure:4383: found /usr/bin/gcc
configure:4394: result: gcc
configure:4623: checking for C compiler version
configure:4632: gcc --version >&5
Apple LLVM version 6.1.0 (clang-602.0.53) (based on LLVM 3.6.0svn)
Target: x86_64-apple-darwin14.3.0
Thread model: posix
Configured with: --prefix=/Applications/Xcode.app/Contents/Developer/usr --with-gxx-include-dir=/usr/include/c++/4.2.1
configure:4643: $? = 0
configure:4632: gcc -v >&5
Configured with: --prefix=/Applications/Xcode.app/Contents/Developer/usr --with-gxx-include-dir=/usr/include/c++/4.2.1
Apple LLVM version 6.1.0 (clang-602.0.53) (based on LLVM 3.6.0svn)
Target: x86_64-apple-darwin14.3.0
Thread model: posix
configure:4643: $? = 0
configure:4632: gcc -V >&5
clang: error: argument to '-V' is missing (expected 1 value)
clang: error: no input files
configure:4643: $? = 1
configure:4632: gcc -qversion >&5
clang: error: unknown argument: '-qversion'
clang: error: no input files
configure:4643: $? = 1
configure:4647: checking whether we are using the GNU C compiler
configure:4666: gcc -c   conftest.c >&5
configure:4666: $? = 0
configure:4675: result: yes
configure:4684: checking whether gcc accepts -g
configure:4704: gcc -c -g  conftest.c >&5
configure:4704: $? = 0
configure:4745: result: yes
configure:4762: checking for gcc option to accept ISO C89
configure:4825: gcc  -c -g -O2  conftest.c >&5
configure:4825: $? = 0
configure:4838: result: none needed
configure:4863: checking whether gcc understands -c and -o together
configure:4885: gcc -c conftest.c -o conftest2.o
configure:4888: $? = 0
configure:4885: gcc -c conftest.c -o conftest2.o
configure:4888: $? = 0
configure:4900: result: yes
configure:4919: checking dependency style of gcc
configure:5030: result: gcc3
configure:5211: checking for the pthreads library -lpthreads
configure:5249: gcc -o conftest -g -O2    conftest.c -lpthreads  -framework CoreFoundation >&5
ld: library not found for -lpthreads
clang: error: linker command failed with exit code 1 (use -v to see invocation)
configure:5249: $? = 1
configure: failed program was:
| /* confdefs.h */
| #define PACKAGE_NAME "Gource"
| #define PACKAGE_TARNAME "gource"
| #define PACKAGE_VERSION "0.43"
| #define PACKAGE_STRING "Gource 0.43"
| #define PACKAGE_BUGREPORT "acaudwell@gmail.com"
| #define PACKAGE_URL ""
| #define PACKAGE "gource"
| #define VERSION "0.43"
| #define HAVE_TIMEGM 1
| #define HAVE_UNSETENV 1
| /* end confdefs.h.  */
| #include <pthread.h>
| 	             static void routine(void* a) {a=0;}
| 	             static void* start_routine(void* a) {return a;}
| int
| main ()
| {
| pthread_t th; pthread_attr_t attr;
|                      pthread_join(th, 0);
|                      pthread_attr_init(&attr);
|                      pthread_cleanup_push(routine, 0);
|                      pthread_create(&th,0,start_routine,0);
|                      pthread_cleanup_pop(0);
|   ;
|   return 0;
| }
configure:5258: result: no
configure:5156: checking whether pthreads work without any flags
configure:5249: gcc -o conftest -g -O2    conftest.c   -framework CoreFoundation >&5
configure:5249: $? = 0
configure:5258: result: yes
configure:5277: checking for joinable pthread attribute
configure:5292: gcc -o conftest -g -O2    conftest.c   -framework CoreFoundation >&5
configure:5292: $? = 0
configure:5298: result: PTHREAD_CREATE_JOINABLE
configure:5308: checking if more special flags are required for pthreads
configure:5315: result: -D_THREAD_SAFE
configure:5402: checking how to run the C preprocessor
configure:5433: gcc -E  conftest.c
configure:5433: $? = 0
configure:5447: gcc -E  conftest.c
conftest.c:14:10: fatal error: 'ac_nonexistent.h' file not found
#include <ac_nonexistent.h>
         ^
1 error generated.
configure:5447: $? = 1
configure: failed program was:
| /* confdefs.h */
| #define PACKAGE_NAME "Gource"
| #define PACKAGE_TARNAME "gource"
| #define PACKAGE_VERSION "0.43"
| #define PACKAGE_STRING "Gource 0.43"
| #define PACKAGE_BUGREPORT "acaudwell@gmail.com"
| #define PACKAGE_URL ""
| #define PACKAGE "gource"
| #define VERSION "0.43"
| #define HAVE_TIMEGM 1
| #define HAVE_UNSETENV 1
| #define HAVE_PTHREAD 1
| /* end confdefs.h.  */
| #include <ac_nonexistent.h>
configure:5472: result: gcc -E
configure:5492: gcc -E  conftest.c
configure:5492: $? = 0
configure:5506: gcc -E  conftest.c
conftest.c:14:10: fatal error: 'ac_nonexistent.h' file not found
#include <ac_nonexistent.h>
         ^
1 error generated.
configure:5506: $? = 1
configure: failed program was:
| /* confdefs.h */
| #define PACKAGE_NAME "Gource"
| #define PACKAGE_TARNAME "gource"
| #define PACKAGE_VERSION "0.43"
| #define PACKAGE_STRING "Gource 0.43"
| #define PACKAGE_BUGREPORT "acaudwell@gmail.com"
| #define PACKAGE_URL ""
| #define PACKAGE "gource"
| #define VERSION "0.43"
| #define HAVE_TIMEGM 1
| #define HAVE_UNSETENV 1
| #define HAVE_PTHREAD 1
| /* end confdefs.h.  */
| #include <ac_nonexistent.h>
configure:5535: checking for grep that handles long lines and -e
configure:5593: result: /usr/bin/grep
configure:5598: checking for egrep
configure:5660: result: /usr/bin/grep -E
configure:5665: checking for ANSI C header files
configure:5685: gcc -c -g -O2  conftest.c >&5
configure:5685: $? = 0
configure:5758: gcc -o conftest -g -O2   conftest.c  -framework CoreFoundation >&5
configure:5758: $? = 0
configure:5758: ./conftest
configure:5758: $? = 0
configure:5769: result: yes
configure:5782: checking for sys/types.h
configure:5782: gcc -c -g -O2  conftest.c >&5
configure:5782: $? = 0
configure:5782: result: yes
configure:5782: checking for sys/stat.h
configure:5782: gcc -c -g -O2  conftest.c >&5
configure:5782: $? = 0
configure:5782: result: yes
configure:5782: checking for stdlib.h
configure:5782: gcc -c -g -O2  conftest.c >&5
configure:5782: $? = 0
configure:5782: result: yes
configure:5782: checking for string.h
configure:5782: gcc -c -g -O2  conftest.c >&5
configure:5782: $? = 0
configure:5782: result: yes
configure:5782: checking for memory.h
configure:5782: gcc -c -g -O2  conftest.c >&5
configure:5782: $? = 0
configure:5782: result: yes
configure:5782: checking for strings.h
configure:5782: gcc -c -g -O2  conftest.c >&5
configure:5782: $? = 0
configure:5782: result: yes
configure:5782: checking for inttypes.h
configure:5782: gcc -c -g -O2  conftest.c >&5
configure:5782: $? = 0
configure:5782: result: yes
configure:5782: checking for stdint.h
configure:5782: gcc -c -g -O2  conftest.c >&5
configure:5782: $? = 0
configure:5782: result: yes
configure:5782: checking for unistd.h
configure:5782: gcc -c -g -O2  conftest.c >&5
configure:5782: $? = 0
configure:5782: result: yes
configure:5801: checking whether we are using the Microsoft C compiler
configure:5820: gcc -c -g -O2  conftest.c >&5
conftest.c:29:8: error: use of undeclared identifier 'choke'
       choke me
       ^
1 error generated.
configure:5820: $? = 1
configure: failed program was:
| /* confdefs.h */
| #define PACKAGE_NAME "Gource"
| #define PACKAGE_TARNAME "gource"
| #define PACKAGE_VERSION "0.43"
| #define PACKAGE_STRING "Gource 0.43"
| #define PACKAGE_BUGREPORT "acaudwell@gmail.com"
| #define PACKAGE_URL ""
| #define PACKAGE "gource"
| #define VERSION "0.43"
| #define HAVE_TIMEGM 1
| #define HAVE_UNSETENV 1
| #define HAVE_PTHREAD 1
| #define STDC_HEADERS 1
| #define HAVE_SYS_TYPES_H 1
| #define HAVE_SYS_STAT_H 1
| #define HAVE_STDLIB_H 1
| #define HAVE_STRING_H 1
| #define HAVE_MEMORY_H 1
| #define HAVE_STRINGS_H 1
| #define HAVE_INTTYPES_H 1
| #define HAVE_STDINT_H 1
| #define HAVE_UNISTD_H 1
| /* end confdefs.h.  */
| 
| int
| main ()
| {
| #ifndef _MSC_VER
|        choke me
| #endif
| 
|   ;
|   return 0;
| }
configure:5829: result: no
configure:5845: checking windows.h usability
configure:5845: gcc -c -g -O2  conftest.c >&5
conftest.c:57:10: fatal error: 'windows.h' file not found
#include <windows.h>
         ^
1 error generated.
configure:5845: $? = 1
configure: failed program was:
| /* confdefs.h */
| #define PACKAGE_NAME "Gource"
| #define PACKAGE_TARNAME "gource"
| #define PACKAGE_VERSION "0.43"
| #define PACKAGE_STRING "Gource 0.43"
| #define PACKAGE_BUGREPORT "acaudwell@gmail.com"
| #define PACKAGE_URL ""
| #define PACKAGE "gource"
| #define VERSION "0.43"
| #define HAVE_TIMEGM 1
| #define HAVE_UNSETENV 1
| #define HAVE_PTHREAD 1
| #define STDC_HEADERS 1
| #define HAVE_SYS_TYPES_H 1
| #define HAVE_SYS_STAT_H 1
| #define HAVE_STDLIB_H 1
| #define HAVE_STRING_H 1
| #define HAVE_MEMORY_H 1
| #define HAVE_STRINGS_H 1
| #define HAVE_INTTYPES_H 1
| #define HAVE_STDINT_H 1
| #define HAVE_UNISTD_H 1
| /* end confdefs.h.  */
| #include <stdio.h>
| #ifdef HAVE_SYS_TYPES_H
| # include <sys/types.h>
| #endif
| #ifdef HAVE_SYS_STAT_H
| # include <sys/stat.h>
| #endif
| #ifdef STDC_HEADERS
| # include <stdlib.h>
| # include <stddef.h>
| #else
| # ifdef HAVE_STDLIB_H
| #  include <stdlib.h>
| # endif
| #endif
| #ifdef HAVE_STRING_H
| # if !defined STDC_HEADERS && defined HAVE_MEMORY_H
| #  include <memory.h>
| # endif
| # include <string.h>
| #endif
| #ifdef HAVE_STRINGS_H
| # include <strings.h>
| #endif
| #ifdef HAVE_INTTYPES_H
| # include <inttypes.h>
| #endif
| #ifdef HAVE_STDINT_H
| # include <stdint.h>
| #endif
| #ifdef HAVE_UNISTD_H
| # include <unistd.h>
| #endif
| #include <windows.h>
configure:5845: result: no
configure:5845: checking windows.h presence
configure:5845: gcc -E  conftest.c
conftest.c:24:10: fatal error: 'windows.h' file not found
#include <windows.h>
         ^
1 error generated.
configure:5845: $? = 1
configure: failed program was:
| /* confdefs.h */
| #define PACKAGE_NAME "Gource"
| #define PACKAGE_TARNAME "gource"
| #define PACKAGE_VERSION "0.43"
| #define PACKAGE_STRING "Gource 0.43"
| #define PACKAGE_BUGREPORT "acaudwell@gmail.com"
| #define PACKAGE_URL ""
| #define PACKAGE "gource"
| #define VERSION "0.43"
| #define HAVE_TIMEGM 1
| #define HAVE_UNSETENV 1
| #define HAVE_PTHREAD 1
| #define STDC_HEADERS 1
| #define HAVE_SYS_TYPES_H 1
| #define HAVE_SYS_STAT_H 1
| #define HAVE_STDLIB_H 1
| #define HAVE_STRING_H 1
| #define HAVE_MEMORY_H 1
| #define HAVE_STRINGS_H 1
| #define HAVE_INTTYPES_H 1
| #define HAVE_STDINT_H 1
| #define HAVE_UNISTD_H 1
| /* end confdefs.h.  */
| #include <windows.h>
configure:5845: result: no
configure:5845: checking for windows.h
configure:5845: result: no
configure:5861: checking for GL/gl.h
configure:5861: gcc -c -g -O2 -D_THREAD_SAFE   conftest.c >&5
conftest.c:30:10: fatal error: 'GL/gl.h' file not found
#include <GL/gl.h>
         ^
1 error generated.
configure:5861: $? = 1
configure: failed program was:
| /* confdefs.h */
| #define PACKAGE_NAME "Gource"
| #define PACKAGE_TARNAME "gource"
| #define PACKAGE_VERSION "0.43"
| #define PACKAGE_STRING "Gource 0.43"
| #define PACKAGE_BUGREPORT "acaudwell@gmail.com"
| #define PACKAGE_URL ""
| #define PACKAGE "gource"
| #define VERSION "0.43"
| #define HAVE_TIMEGM 1
| #define HAVE_UNSETENV 1
| #define HAVE_PTHREAD 1
| #define STDC_HEADERS 1
| #define HAVE_SYS_TYPES_H 1
| #define HAVE_SYS_STAT_H 1
| #define HAVE_STDLIB_H 1
| #define HAVE_STRING_H 1
| #define HAVE_MEMORY_H 1
| #define HAVE_STRINGS_H 1
| #define HAVE_INTTYPES_H 1
| #define HAVE_STDINT_H 1
| #define HAVE_UNISTD_H 1
| /* end confdefs.h.  */
| 
| # if defined(HAVE_WINDOWS_H) && defined(_WIN32)
| #   include <windows.h>
| # endif
| 
| 
| #include <GL/gl.h>
configure:5861: result: no
configure:5861: checking for OpenGL/gl.h
configure:5861: gcc -c -g -O2 -D_THREAD_SAFE   conftest.c >&5
configure:5861: $? = 0
configure:5861: result: yes
configure:5882: checking for OpenGL library
configure:5929: gcc -o conftest -g -O2  -D_THREAD_SAFE    conftest.c -lopengl32  -framework CoreFoundation >&5
ld: library not found for -lopengl32
clang: error: linker command failed with exit code 1 (use -v to see invocation)
configure:5929: $? = 1
configure: failed program was:
| /* confdefs.h */
| #define PACKAGE_NAME "Gource"
| #define PACKAGE_TARNAME "gource"
| #define PACKAGE_VERSION "0.43"
| #define PACKAGE_STRING "Gource 0.43"
| #define PACKAGE_BUGREPORT "acaudwell@gmail.com"
| #define PACKAGE_URL ""
| #define PACKAGE "gource"
| #define VERSION "0.43"
| #define HAVE_TIMEGM 1
| #define HAVE_UNSETENV 1
| #define HAVE_PTHREAD 1
| #define STDC_HEADERS 1
| #define HAVE_SYS_TYPES_H 1
| #define HAVE_SYS_STAT_H 1
| #define HAVE_STDLIB_H 1
| #define HAVE_STRING_H 1
| #define HAVE_MEMORY_H 1
| #define HAVE_STRINGS_H 1
| #define HAVE_INTTYPES_H 1
| #define HAVE_STDINT_H 1
| #define HAVE_UNISTD_H 1
| #define HAVE_OPENGL_GL_H 1
| /* end confdefs.h.  */
| 
| # if defined(HAVE_WINDOWS_H) && defined(_WIN32)
| #   include <windows.h>
| # endif
| # ifdef HAVE_GL_GL_H
| #   include <GL/gl.h>
| # elif defined(HAVE_OPENGL_GL_H)
| #   include <OpenGL/gl.h>
| # else
| #   error no gl.h
| # endif
| int
| main ()
| {
| glBegin(0)
|   ;
|   return 0;
| }
configure:5955: gcc -o conftest -g -O2  -D_THREAD_SAFE    -L/usr/lib64/nvidia conftest.c -lopengl32  -framework CoreFoundation >&5
ld: warning: directory not found for option '-L/usr/lib64/nvidia'
ld: library not found for -lopengl32
clang: error: linker command failed with exit code 1 (use -v to see invocation)
configure:5955: $? = 1
configure: failed program was:
| /* confdefs.h */
| #define PACKAGE_NAME "Gource"
| #define PACKAGE_TARNAME "gource"
| #define PACKAGE_VERSION "0.43"
| #define PACKAGE_STRING "Gource 0.43"
| #define PACKAGE_BUGREPORT "acaudwell@gmail.com"
| #define PACKAGE_URL ""
| #define PACKAGE "gource"
| #define VERSION "0.43"
| #define HAVE_TIMEGM 1
| #define HAVE_UNSETENV 1
| #define HAVE_PTHREAD 1
| #define STDC_HEADERS 1
| #define HAVE_SYS_TYPES_H 1
| #define HAVE_SYS_STAT_H 1
| #define HAVE_STDLIB_H 1
| #define HAVE_STRING_H 1
| #define HAVE_MEMORY_H 1
| #define HAVE_STRINGS_H 1
| #define HAVE_INTTYPES_H 1
| #define HAVE_STDINT_H 1
| #define HAVE_UNISTD_H 1
| #define HAVE_OPENGL_GL_H 1
| /* end confdefs.h.  */
| 
| # if defined(HAVE_WINDOWS_H) && defined(_WIN32)
| #   include <windows.h>
| # endif
| # ifdef HAVE_GL_GL_H
| #   include <GL/gl.h>
| # elif defined(HAVE_OPENGL_GL_H)
| #   include <OpenGL/gl.h>
| # else
| #   error no gl.h
| # endif
| int
| main ()
| {
| glBegin(0)
|   ;
|   return 0;
| }
configure:5981: gcc -o conftest -g -O2  -D_THREAD_SAFE    -dylib_file /System/Library/Frameworks/OpenGL.framework/Versions/A/Libraries/libGL.dylib:/System/Library/Frameworks/OpenGL.framework/Versions/A/Libraries/libGL.dylib conftest.c -lopengl32  -framework CoreFoundation >&5
ld: library not found for -lopengl32
clang: error: linker command failed with exit code 1 (use -v to see invocation)
configure:5981: $? = 1
configure: failed program was:
| /* confdefs.h */
| #define PACKAGE_NAME "Gource"
| #define PACKAGE_TARNAME "gource"
| #define PACKAGE_VERSION "0.43"
| #define PACKAGE_STRING "Gource 0.43"
| #define PACKAGE_BUGREPORT "acaudwell@gmail.com"
| #define PACKAGE_URL ""
| #define PACKAGE "gource"
| #define VERSION "0.43"
| #define HAVE_TIMEGM 1
| #define HAVE_UNSETENV 1
| #define HAVE_PTHREAD 1
| #define STDC_HEADERS 1
| #define HAVE_SYS_TYPES_H 1
| #define HAVE_SYS_STAT_H 1
| #define HAVE_STDLIB_H 1
| #define HAVE_STRING_H 1
| #define HAVE_MEMORY_H 1
| #define HAVE_STRINGS_H 1
| #define HAVE_INTTYPES_H 1
| #define HAVE_STDINT_H 1
| #define HAVE_UNISTD_H 1
| #define HAVE_OPENGL_GL_H 1
| /* end confdefs.h.  */
| 
| # if defined(HAVE_WINDOWS_H) && defined(_WIN32)
| #   include <windows.h>
| # endif
| # ifdef HAVE_GL_GL_H
| #   include <GL/gl.h>
| # elif defined(HAVE_OPENGL_GL_H)
| #   include <OpenGL/gl.h>
| # else
| #   error no gl.h
| # endif
| int
| main ()
| {
| glBegin(0)
|   ;
|   return 0;
| }
configure:5929: gcc -o conftest -g -O2  -D_THREAD_SAFE    conftest.c -lGL  -framework CoreFoundation >&5
ld: library not found for -lGL
clang: error: linker command failed with exit code 1 (use -v to see invocation)
configure:5929: $? = 1
configure: failed program was:
| /* confdefs.h */
| #define PACKAGE_NAME "Gource"
| #define PACKAGE_TARNAME "gource"
| #define PACKAGE_VERSION "0.43"
| #define PACKAGE_STRING "Gource 0.43"
| #define PACKAGE_BUGREPORT "acaudwell@gmail.com"
| #define PACKAGE_URL ""
| #define PACKAGE "gource"
| #define VERSION "0.43"
| #define HAVE_TIMEGM 1
| #define HAVE_UNSETENV 1
| #define HAVE_PTHREAD 1
| #define STDC_HEADERS 1
| #define HAVE_SYS_TYPES_H 1
| #define HAVE_SYS_STAT_H 1
| #define HAVE_STDLIB_H 1
| #define HAVE_STRING_H 1
| #define HAVE_MEMORY_H 1
| #define HAVE_STRINGS_H 1
| #define HAVE_INTTYPES_H 1
| #define HAVE_STDINT_H 1
| #define HAVE_UNISTD_H 1
| #define HAVE_OPENGL_GL_H 1
| /* end confdefs.h.  */
| 
| # if defined(HAVE_WINDOWS_H) && defined(_WIN32)
| #   include <windows.h>
| # endif
| # ifdef HAVE_GL_GL_H
| #   include <GL/gl.h>
| # elif defined(HAVE_OPENGL_GL_H)
| #   include <OpenGL/gl.h>
| # else
| #   error no gl.h
| # endif
| int
| main ()
| {
| glBegin(0)
|   ;
|   return 0;
| }
configure:5955: gcc -o conftest -g -O2  -D_THREAD_SAFE    -L/usr/lib64/nvidia conftest.c -lGL  -framework CoreFoundation >&5
ld: warning: directory not found for option '-L/usr/lib64/nvidia'
ld: library not found for -lGL
clang: error: linker command failed with exit code 1 (use -v to see invocation)
configure:5955: $? = 1
configure: failed program was:
| /* confdefs.h */
| #define PACKAGE_NAME "Gource"
| #define PACKAGE_TARNAME "gource"
| #define PACKAGE_VERSION "0.43"
| #define PACKAGE_STRING "Gource 0.43"
| #define PACKAGE_BUGREPORT "acaudwell@gmail.com"
| #define PACKAGE_URL ""
| #define PACKAGE "gource"
| #define VERSION "0.43"
| #define HAVE_TIMEGM 1
| #define HAVE_UNSETENV 1
| #define HAVE_PTHREAD 1
| #define STDC_HEADERS 1
| #define HAVE_SYS_TYPES_H 1
| #define HAVE_SYS_STAT_H 1
| #define HAVE_STDLIB_H 1
| #define HAVE_STRING_H 1
| #define HAVE_MEMORY_H 1
| #define HAVE_STRINGS_H 1
| #define HAVE_INTTYPES_H 1
| #define HAVE_STDINT_H 1
| #define HAVE_UNISTD_H 1
| #define HAVE_OPENGL_GL_H 1
| /* end confdefs.h.  */
| 
| # if defined(HAVE_WINDOWS_H) && defined(_WIN32)
| #   include <windows.h>
| # endif
| # ifdef HAVE_GL_GL_H
| #   include <GL/gl.h>
| # elif defined(HAVE_OPENGL_GL_H)
| #   include <OpenGL/gl.h>
| # else
| #   error no gl.h
| # endif
| int
| main ()
| {
| glBegin(0)
|   ;
|   return 0;
| }
configure:5981: gcc -o conftest -g -O2  -D_THREAD_SAFE    -dylib_file /System/Library/Frameworks/OpenGL.framework/Versions/A/Libraries/libGL.dylib:/System/Library/Frameworks/OpenGL.framework/Versions/A/Libraries/libGL.dylib conftest.c -lGL  -framework CoreFoundation >&5
ld: library not found for -lGL
clang: error: linker command failed with exit code 1 (use -v to see invocation)
configure:5981: $? = 1
configure: failed program was:
| /* confdefs.h */
| #define PACKAGE_NAME "Gource"
| #define PACKAGE_TARNAME "gource"
| #define PACKAGE_VERSION "0.43"
| #define PACKAGE_STRING "Gource 0.43"
| #define PACKAGE_BUGREPORT "acaudwell@gmail.com"
| #define PACKAGE_URL ""
| #define PACKAGE "gource"
| #define VERSION "0.43"
| #define HAVE_TIMEGM 1
| #define HAVE_UNSETENV 1
| #define HAVE_PTHREAD 1
| #define STDC_HEADERS 1
| #define HAVE_SYS_TYPES_H 1
| #define HAVE_SYS_STAT_H 1
| #define HAVE_STDLIB_H 1
| #define HAVE_STRING_H 1
| #define HAVE_MEMORY_H 1
| #define HAVE_STRINGS_H 1
| #define HAVE_INTTYPES_H 1
| #define HAVE_STDINT_H 1
| #define HAVE_UNISTD_H 1
| #define HAVE_OPENGL_GL_H 1
| /* end confdefs.h.  */
| 
| # if defined(HAVE_WINDOWS_H) && defined(_WIN32)
| #   include <windows.h>
| # endif
| # ifdef HAVE_GL_GL_H
| #   include <GL/gl.h>
| # elif defined(HAVE_OPENGL_GL_H)
| #   include <OpenGL/gl.h>
| # else
| #   error no gl.h
| # endif
| int
| main ()
| {
| glBegin(0)
|   ;
|   return 0;
| }
configure:6058: gcc -o conftest -g -O2  -D_THREAD_SAFE   -framework OpenGL conftest.c  -framework CoreFoundation >&5
configure:6058: $? = 0
configure:6068: result: -framework OpenGL
configure:6093: checking for GL/glu.h
configure:6093: g++ -c -g -O2 -D_THREAD_SAFE   conftest.cpp >&5
conftest.cpp:31:10: fatal error: 'GL/glu.h' file not found
#include <GL/glu.h>
         ^
1 error generated.
configure:6093: $? = 1
configure: failed program was:
| /* confdefs.h */
| #define PACKAGE_NAME "Gource"
| #define PACKAGE_TARNAME "gource"
| #define PACKAGE_VERSION "0.43"
| #define PACKAGE_STRING "Gource 0.43"
| #define PACKAGE_BUGREPORT "acaudwell@gmail.com"
| #define PACKAGE_URL ""
| #define PACKAGE "gource"
| #define VERSION "0.43"
| #define HAVE_TIMEGM 1
| #define HAVE_UNSETENV 1
| #define HAVE_PTHREAD 1
| #define STDC_HEADERS 1
| #define HAVE_SYS_TYPES_H 1
| #define HAVE_SYS_STAT_H 1
| #define HAVE_STDLIB_H 1
| #define HAVE_STRING_H 1
| #define HAVE_MEMORY_H 1
| #define HAVE_STRINGS_H 1
| #define HAVE_INTTYPES_H 1
| #define HAVE_STDINT_H 1
| #define HAVE_UNISTD_H 1
| #define HAVE_OPENGL_GL_H 1
| /* end confdefs.h.  */
| 
| # if defined(HAVE_WINDOWS_H) && defined(_WIN32)
| #   include <windows.h>
| # endif
| 
| 
| #include <GL/glu.h>
configure:6093: result: no
configure:6093: checking for OpenGL/glu.h
configure:6093: g++ -c -g -O2 -D_THREAD_SAFE   conftest.cpp >&5
configure:6093: $? = 0
configure:6093: result: yes
configure:6112: checking for OpenGL Utility library
configure:6169: g++ -o conftest -g -O2 -D_THREAD_SAFE    -framework OpenGL  conftest.cpp  -framework CoreFoundation >&5
conftest.cpp:40:1: warning: 'gluBeginCurve' is deprecated: first deprecated in OS X 10.9 [-Wdeprecated-declarations]
gluBeginCurve(0)
^
/System/Library/Frameworks/OpenGL.framework/Headers/glu.h:240:13: note: 'gluBeginCurve' has been explicitly marked deprecated here
extern void gluBeginCurve (GLUnurbs* nurb) OPENGL_DEPRECATED(10_0, 10_9);
            ^
1 warning generated.
configure:6169: $? = 0
configure:6230: result: yes
configure:6249: checking for varargs GLU tesselator callback function type
configure:6279: g++ -c -D_THREAD_SAFE  -g -O2  conftest.cpp >&5
conftest.cpp:35:22: error: no matching function for call to 'gluTessCallback'
GLvoid (*func)(...); gluTessCallback(0, 0, func)
                     ^~~~~~~~~~~~~~~
/System/Library/Frameworks/OpenGL.framework/Headers/glu.h:291:13: note: candidate function not viable: no known conversion from 'GLvoid (*)(...)' to 'GLvoid (*)()' for 3rd argument
extern void gluTessCallback (GLUtesselator* tess, GLenum which, GLvoid (*CallBackFunc)()) OPENGL_DEPRECATED(10_0, 10_9);
            ^
1 error generated.
configure:6279: $? = 1
configure: failed program was:
| /* confdefs.h */
| #define PACKAGE_NAME "Gource"
| #define PACKAGE_TARNAME "gource"
| #define PACKAGE_VERSION "0.43"
| #define PACKAGE_STRING "Gource 0.43"
| #define PACKAGE_BUGREPORT "acaudwell@gmail.com"
| #define PACKAGE_URL ""
| #define PACKAGE "gource"
| #define VERSION "0.43"
| #define HAVE_TIMEGM 1
| #define HAVE_UNSETENV 1
| #define HAVE_PTHREAD 1
| #define STDC_HEADERS 1
| #define HAVE_SYS_TYPES_H 1
| #define HAVE_SYS_STAT_H 1
| #define HAVE_STDLIB_H 1
| #define HAVE_STRING_H 1
| #define HAVE_MEMORY_H 1
| #define HAVE_STRINGS_H 1
| #define HAVE_INTTYPES_H 1
| #define HAVE_STDINT_H 1
| #define HAVE_UNISTD_H 1
| #define HAVE_OPENGL_GL_H 1
| #define HAVE_OPENGL_GLU_H 1
| /* end confdefs.h.  */
| 
| # ifdef HAVE_GL_GLU_H
| #   include <GL/glu.h>
| # else
| #   include <OpenGL/glu.h>
| # endif
| int
| main ()
| {
| GLvoid (*func)(...); gluTessCallback(0, 0, func)
|   ;
|   return 0;
| }
configure:6291: result: no
configure:6353: checking for pkg-config
configure:6371: found /usr/local/bin/pkg-config
configure:6383: result: /usr/local/bin/pkg-config
configure:6408: checking pkg-config is at least version 0.9.0
configure:6411: result: yes
configure:6422: checking for FT2
configure:6430: $PKG_CONFIG --exists --print-errors "freetype2 >= 9.0.3"
configure:6433: $? = 0
configure:6448: $PKG_CONFIG --exists --print-errors "freetype2 >= 9.0.3"
configure:6451: $? = 0
configure:6506: result: yes
configure:6512: checking for PCRE
configure:6520: $PKG_CONFIG --exists --print-errors "libpcre"
configure:6523: $? = 0
configure:6538: $PKG_CONFIG --exists --print-errors "libpcre"
configure:6541: $? = 0
configure:6596: result: yes
configure:6602: checking for GLEW
configure:6610: $PKG_CONFIG --exists --print-errors "glew"
Package glew was not found in the pkg-config search path.
Perhaps you should add the directory containing `glew.pc'
to the PKG_CONFIG_PATH environment variable
No package 'glew' found
configure:6613: $? = 1
configure:6628: $PKG_CONFIG --exists --print-errors "glew"
Package glew was not found in the pkg-config search path.
Perhaps you should add the directory containing `glew.pc'
to the PKG_CONFIG_PATH environment variable
No package 'glew' found
configure:6631: $? = 1
No package 'glew' found
configure:6659: error: Package requirements (glew) were not met:

No package 'glew' found

Consider adjusting the PKG_CONFIG_PATH environment variable if you
installed software in a non-standard prefix.

Alternatively, you may set the environment variables GLEW_CFLAGS
and GLEW_LIBS to avoid the need to call pkg-config.
See the pkg-config man page for more details.


## ---------------- ##
## Cache variables. ##
## ---------------- ##

ac_cv_build=x86_64-apple-darwin14.3.0
ac_cv_c_compiler_gnu=yes
ac_cv_cxx_compiler_gnu=yes
ac_cv_env_CCC_set=
ac_cv_env_CCC_value=
ac_cv_env_CC_set=
ac_cv_env_CC_value=
ac_cv_env_CFLAGS_set=
ac_cv_env_CFLAGS_value=
ac_cv_env_CPPFLAGS_set=
ac_cv_env_CPPFLAGS_value=
ac_cv_env_CPP_set=
ac_cv_env_CPP_value=
ac_cv_env_CXXCPP_set=
ac_cv_env_CXXCPP_value=
ac_cv_env_CXXFLAGS_set=
ac_cv_env_CXXFLAGS_value=
ac_cv_env_CXX_set=
ac_cv_env_CXX_value=
ac_cv_env_FT2_CFLAGS_set=
ac_cv_env_FT2_CFLAGS_value=
ac_cv_env_FT2_LIBS_set=
ac_cv_env_FT2_LIBS_value=
ac_cv_env_GLEW_CFLAGS_set=
ac_cv_env_GLEW_CFLAGS_value=
ac_cv_env_GLEW_LIBS_set=
ac_cv_env_GLEW_LIBS_value=
ac_cv_env_LDFLAGS_set=
ac_cv_env_LDFLAGS_value=
ac_cv_env_LIBS_set=
ac_cv_env_LIBS_value=
ac_cv_env_PCRE_CFLAGS_set=
ac_cv_env_PCRE_CFLAGS_value=
ac_cv_env_PCRE_LIBS_set=
ac_cv_env_PCRE_LIBS_value=
ac_cv_env_PKG_CONFIG_set=
ac_cv_env_PKG_CONFIG_value=
ac_cv_env_PNG_CFLAGS_set=
ac_cv_env_PNG_CFLAGS_value=
ac_cv_env_PNG_LIBS_set=
ac_cv_env_PNG_LIBS_value=
ac_cv_env_SDL2_CFLAGS_set=
ac_cv_env_SDL2_CFLAGS_value=
ac_cv_env_SDL2_LIBS_set=
ac_cv_env_SDL2_LIBS_value=
ac_cv_env_SDL_CFLAGS_set=
ac_cv_env_SDL_CFLAGS_value=
ac_cv_env_SDL_LIBS_set=
ac_cv_env_SDL_LIBS_value=
ac_cv_env_XMKMF_set=
ac_cv_env_XMKMF_value=
ac_cv_env_build_alias_set=
ac_cv_env_build_alias_value=
ac_cv_env_host_alias_set=
ac_cv_env_host_alias_value=
ac_cv_env_target_alias_set=
ac_cv_env_target_alias_value=
ac_cv_func_timegm=yes
ac_cv_func_unsetenv=yes
ac_cv_header_GL_gl_h=no
ac_cv_header_GL_glu_h=no
ac_cv_header_OpenGL_gl_h=yes
ac_cv_header_OpenGL_glu_h=yes
ac_cv_header_inttypes_h=yes
ac_cv_header_memory_h=yes
ac_cv_header_stdc=yes
ac_cv_header_stdint_h=yes
ac_cv_header_stdlib_h=yes
ac_cv_header_string_h=yes
ac_cv_header_strings_h=yes
ac_cv_header_sys_stat_h=yes
ac_cv_header_sys_types_h=yes
ac_cv_header_unistd_h=yes
ac_cv_header_windows_h=no
ac_cv_host=x86_64-apple-darwin14.3.0
ac_cv_objext=o
ac_cv_path_EGREP='/usr/bin/grep -E'
ac_cv_path_GREP=/usr/bin/grep
ac_cv_path_SED=/usr/bin/sed
ac_cv_path_ac_pt_PKG_CONFIG=/usr/local/bin/pkg-config
ac_cv_path_install='/usr/bin/install -c'
ac_cv_prog_AWK=awk
ac_cv_prog_CPP='gcc -E'
ac_cv_prog_CXXCPP='g++ -E'
ac_cv_prog_ac_ct_CC=gcc
ac_cv_prog_ac_ct_CXX=g++
ac_cv_prog_cc_c89=
ac_cv_prog_cc_g=yes
ac_cv_prog_cxx_g=yes
ac_cv_prog_make_make_set=yes
am_cv_CC_dependencies_compiler_type=gcc3
am_cv_CXX_dependencies_compiler_type=gcc3
am_cv_make_support_nested_variables=yes
am_cv_prog_cc_c_o=yes
ax_cv_c_compiler_ms=no
ax_cv_check_gl_libgl='-framework OpenGL'
ax_cv_check_glu_libglu=yes
ax_cv_varargs_glu_tesscb=no
pkg_cv_FT2_CFLAGS='-I/usr/local/Cellar/freetype/2.5.5/include/freetype2 '
pkg_cv_FT2_LIBS='-L/usr/local/Cellar/freetype/2.5.5/lib -lfreetype '
pkg_cv_PCRE_CFLAGS='-I/usr/local/include '
pkg_cv_PCRE_LIBS='-lpcre '

## ----------------- ##
## Output variables. ##
## ----------------- ##

ACLOCAL='${SHELL} /Users/antoinemagny/Downloads/gource-0.43/build-aux/missing aclocal-1.14'
AMDEPBACKSLASH='\'
AMDEP_FALSE='#'
AMDEP_TRUE=''
AMTAR='$${TAR-tar}'
AM_BACKSLASH='\'
AM_DEFAULT_V='$(AM_DEFAULT_VERBOSITY)'
AM_DEFAULT_VERBOSITY='1'
AM_V='$(V)'
AUTOCONF='${SHELL} /Users/antoinemagny/Downloads/gource-0.43/build-aux/missing autoconf'
AUTOHEADER='${SHELL} /Users/antoinemagny/Downloads/gource-0.43/build-aux/missing autoheader'
AUTOMAKE='${SHELL} /Users/antoinemagny/Downloads/gource-0.43/build-aux/missing automake-1.14'
AWK='awk'
BOOST_CPPFLAGS=''
BOOST_FILESYSTEM_LIB=''
BOOST_LDFLAGS=''
BOOST_SYSTEM_LIB=''
CC='gcc'
CCDEPMODE='depmode=gcc3'
CFLAGS='-g -O2'
CPP='gcc -E'
CPPFLAGS=' -D_THREAD_SAFE  -D_THREAD_SAFE '
CXX='g++'
CXXCPP='g++ -E'
CXXDEPMODE='depmode=gcc3'
CXXFLAGS='-g -O2 -D_THREAD_SAFE  -D_THREAD_SAFE '
CYGPATH_W='echo'
DEFS=''
DEPDIR='.deps'
ECHO_C='\c'
ECHO_N=''
ECHO_T=''
EGREP='/usr/bin/grep -E'
EXEEXT=''
FONTDIR_FALSE=''
FONTDIR_TRUE=''
FT2_CFLAGS='-I/usr/local/Cellar/freetype/2.5.5/include/freetype2 '
FT2_LIBS='-L/usr/local/Cellar/freetype/2.5.5/lib -lfreetype '
GLEW_CFLAGS=''
GLEW_LIBS=''
GLU_CFLAGS='-D_THREAD_SAFE '
GLU_LIBS=''
GL_CFLAGS='-D_THREAD_SAFE '
GL_LIBS='-framework OpenGL '
GREP='/usr/bin/grep'
INSTALL_DATA='${INSTALL} -m 644'
INSTALL_PROGRAM='${INSTALL}'
INSTALL_SCRIPT='${INSTALL}'
INSTALL_STRIP_PROGRAM='$(install_sh) -c -s'
LDFLAGS=''
LIBOBJS=''
LIBS=' -framework CoreFoundation -framework OpenGL  '
LTLIBOBJS=''
MAKEINFO='${SHELL} /Users/antoinemagny/Downloads/gource-0.43/build-aux/missing makeinfo'
MKDIR_P='/Users/antoinemagny/Downloads/gource-0.43/build-aux/install-sh -c -d'
OBJEXT='o'
PACKAGE='gource'
PACKAGE_BUGREPORT='acaudwell@gmail.com'
PACKAGE_NAME='Gource'
PACKAGE_STRING='Gource 0.43'
PACKAGE_TARNAME='gource'
PACKAGE_URL=''
PACKAGE_VERSION='0.43'
PATH_SEPARATOR=':'
PCRE_CFLAGS='-I/usr/local/include '
PCRE_LIBS='-lpcre '
PKG_CONFIG='/usr/local/bin/pkg-config'
PNG_CFLAGS=''
PNG_LIBS=''
PTHREAD_CC='gcc'
PTHREAD_CFLAGS='-D_THREAD_SAFE '
PTHREAD_LIBS=''
SDL2_CFLAGS=''
SDL2_LIBS=''
SDL_CFLAGS=''
SDL_LIBS=''
SED='/usr/bin/sed'
SET_MAKE=''
SHELL='/bin/sh'
STRIP=''
USE_BUNDLED_TINYXML_FALSE=''
USE_BUNDLED_TINYXML_TRUE=''
VERSION='0.43'
XMKMF=''
ac_ct_CC='gcc'
ac_ct_CXX='g++'
am__EXEEXT_FALSE=''
am__EXEEXT_TRUE=''
am__fastdepCC_FALSE='#'
am__fastdepCC_TRUE=''
am__fastdepCXX_FALSE='#'
am__fastdepCXX_TRUE=''
am__include='include'
am__isrc=' -I$(srcdir)'
am__leading_dot='.'
am__nodep='_no'
am__quote=''
am__tar='$${TAR-tar} chof - "$$tardir"'
am__untar='$${TAR-tar} xf -'
ax_pthread_config=''
bindir='${exec_prefix}/bin'
build='x86_64-apple-darwin14.3.0'
build_alias=''
build_cpu='x86_64'
build_os='darwin14.3.0'
build_vendor='apple'
datadir='${datarootdir}'
datarootdir='${prefix}/share'
docdir='${datarootdir}/doc/${PACKAGE_TARNAME}'
dvidir='${docdir}'
exec_prefix='NONE'
gourcefontdir=''
host='x86_64-apple-darwin14.3.0'
host_alias=''
host_cpu='x86_64'
host_os='darwin14.3.0'
host_vendor='apple'
htmldir='${docdir}'
includedir='${prefix}/include'
infodir='${datarootdir}/info'
install_sh='${SHELL} /Users/antoinemagny/Downloads/gource-0.43/build-aux/install-sh'
libdir='${exec_prefix}/lib'
libexecdir='${exec_prefix}/libexec'
localedir='${datarootdir}/locale'
localstatedir='${prefix}/var'
mandir='${datarootdir}/man'
mkdir_p='$(MKDIR_P)'
oldincludedir='/usr/include'
pdfdir='${docdir}'
prefix='NONE'
program_transform_name='s,x,x,'
psdir='${docdir}'
sbindir='${exec_prefix}/sbin'
sharedstatedir='${prefix}/com'
sysconfdir='${prefix}/etc'
target_alias=''

## ----------- ##
## confdefs.h. ##
## ----------- ##

/* confdefs.h */
#define PACKAGE_NAME "Gource"
#define PACKAGE_TARNAME "gource"
#define PACKAGE_VERSION "0.43"
#define PACKAGE_STRING "Gource 0.43"
#define PACKAGE_BUGREPORT "acaudwell@gmail.com"
#define PACKAGE_URL ""
#define PACKAGE "gource"
#define VERSION "0.43"
#define HAVE_TIMEGM 1
#define HAVE_UNSETENV 1
#define HAVE_PTHREAD 1
#define STDC_HEADERS 1
#define HAVE_SYS_TYPES_H 1
#define HAVE_SYS_STAT_H 1
#define HAVE_STDLIB_H 1
#define HAVE_STRING_H 1
#define HAVE_MEMORY_H 1
#define HAVE_STRINGS_H 1
#define HAVE_INTTYPES_H 1
#define HAVE_STDINT_H 1
#define HAVE_UNISTD_H 1
#define HAVE_OPENGL_GL_H 1
#define HAVE_OPENGL_GLU_H 1

configure: exit 1
